EDA Netlist Writer report for FPGA1
Thu Dec 11 10:56:43 2025
Quartus Prime Version 18.1.0 Build 625 09/12/2018 SJ Lite Edition


---------------------
; Table of Contents ;
---------------------
  1. Legal Notice
  2. EDA Netlist Writer Summary
  3. Simulation Settings
  4. Simulation Generated Files
  5. EDA Netlist Writer Messages



----------------
; Legal Notice ;
----------------
Copyright (C) 2018  Intel Corporation. All rights reserved.
Your use of Intel Corporation's design tools, logic functions 
and other software and tools, and its AMPP partner logic 
functions, and any output files from any of the foregoing 
(including device programming or simulation files), and any 
associated documentation or information are expressly subject 
to the terms and conditions of the Intel Program License 
Subscription Agreement, the Intel Quartus Prime License Agreement,
the Intel FPGA IP License Agreement, or other applicable license
agreement, including, without limitation, that your use is for
the sole purpose of programming logic devices manufactured by
Intel and sold by Intel or its authorized distributors.  Please
refer to the applicable agreement for further details.



+-------------------------------------------------------------------+
; EDA Netlist Writer Summary                                        ;
+---------------------------+---------------------------------------+
; EDA Netlist Writer Status ; Successful - Thu Dec 11 10:56:43 2025 ;
; Revision Name             ; FPGA1                                 ;
; Top-level Entity Name     ; fpga1_top                             ;
; Family                    ; Cyclone IV E                          ;
; Simulation Files Creation ; Successful                            ;
+---------------------------+---------------------------------------+


+------------------------------------------------------------------------------------------------------------------------------+
; Simulation Settings                                                                                                          ;
+---------------------------------------------------------------------------------------------------+--------------------------+
; Option                                                                                            ; Setting                  ;
+---------------------------------------------------------------------------------------------------+--------------------------+
; Tool Name                                                                                         ; ModelSim (SystemVerilog) ;
; Generate functional simulation netlist                                                            ; Off                      ;
; Time scale                                                                                        ; 1 ps                     ;
; Truncate long hierarchy paths                                                                     ; Off                      ;
; Map illegal HDL characters                                                                        ; Off                      ;
; Flatten buses into individual nodes                                                               ; Off                      ;
; Maintain hierarchy                                                                                ; Off                      ;
; Bring out device-wide set/reset signals as ports                                                  ; Off                      ;
; Enable glitch filtering                                                                           ; Off                      ;
; Do not write top level VHDL entity                                                                ; Off                      ;
; Disable detection of setup and hold time violations in the input registers of bi-directional pins ; Off                      ;
; Architecture name in VHDL output netlist                                                          ; structure                ;
; Generate third-party EDA tool command script for RTL functional simulation                        ; Off                      ;
; Generate third-party EDA tool command script for gate-level simulation                            ; Off                      ;
+---------------------------------------------------------------------------------------------------+--------------------------+


+--------------------------------------------------------------------------------------------------------------------------------------------------------------------------+
; Simulation Generated Files                                                                                                                                               ;
+--------------------------------------------------------------------------------------------------------------------------------------------------------------------------+
; Generated Files                                                                                                                                                          ;
+--------------------------------------------------------------------------------------------------------------------------------------------------------------------------+
; C:/Users/cesar/OneDrive/Documents/USC/CE_MASTERS/COURSES/EE454/project/EE454_final_project-main/phase2pt2/task2/FPGA1/simulation/modelsim/FPGA1_7_1200mv_85c_slow.svo    ;
; C:/Users/cesar/OneDrive/Documents/USC/CE_MASTERS/COURSES/EE454/project/EE454_final_project-main/phase2pt2/task2/FPGA1/simulation/modelsim/FPGA1_7_1200mv_0c_slow.svo     ;
; C:/Users/cesar/OneDrive/Documents/USC/CE_MASTERS/COURSES/EE454/project/EE454_final_project-main/phase2pt2/task2/FPGA1/simulation/modelsim/FPGA1_min_1200mv_0c_fast.svo   ;
; C:/Users/cesar/OneDrive/Documents/USC/CE_MASTERS/COURSES/EE454/project/EE454_final_project-main/phase2pt2/task2/FPGA1/simulation/modelsim/FPGA1.svo                      ;
; C:/Users/cesar/OneDrive/Documents/USC/CE_MASTERS/COURSES/EE454/project/EE454_final_project-main/phase2pt2/task2/FPGA1/simulation/modelsim/FPGA1_7_1200mv_85c_v_slow.sdo  ;
; C:/Users/cesar/OneDrive/Documents/USC/CE_MASTERS/COURSES/EE454/project/EE454_final_project-main/phase2pt2/task2/FPGA1/simulation/modelsim/FPGA1_7_1200mv_0c_v_slow.sdo   ;
; C:/Users/cesar/OneDrive/Documents/USC/CE_MASTERS/COURSES/EE454/project/EE454_final_project-main/phase2pt2/task2/FPGA1/simulation/modelsim/FPGA1_min_1200mv_0c_v_fast.sdo ;
; C:/Users/cesar/OneDrive/Documents/USC/CE_MASTERS/COURSES/EE454/project/EE454_final_project-main/phase2pt2/task2/FPGA1/simulation/modelsim/FPGA1_v.sdo                    ;
+--------------------------------------------------------------------------------------------------------------------------------------------------------------------------+


+-----------------------------+
; EDA Netlist Writer Messages ;
+-----------------------------+
Info: *******************************************************************
Info: Running Quartus Prime EDA Netlist Writer
    Info: Version 18.1.0 Build 625 09/12/2018 SJ Lite Edition
    Info: Processing started: Thu Dec 11 10:56:41 2025
Info: Command: quartus_eda --read_settings_files=off --write_settings_files=off FPGA1 -c FPGA1
Warning (18236): Number of processors has not been specified which may cause overloading on shared machines.  Set the global assignment NUM_PARALLEL_PROCESSORS in your QSF to an appropriate value for best performance.
Info (204019): Generated file FPGA1_7_1200mv_85c_slow.svo in folder "C:/Users/cesar/OneDrive/Documents/USC/CE_MASTERS/COURSES/EE454/project/EE454_final_project-main/phase2pt2/task2/FPGA1/simulation/modelsim/" for EDA simulation tool
Info (204019): Generated file FPGA1_7_1200mv_0c_slow.svo in folder "C:/Users/cesar/OneDrive/Documents/USC/CE_MASTERS/COURSES/EE454/project/EE454_final_project-main/phase2pt2/task2/FPGA1/simulation/modelsim/" for EDA simulation tool
Info (204019): Generated file FPGA1_min_1200mv_0c_fast.svo in folder "C:/Users/cesar/OneDrive/Documents/USC/CE_MASTERS/COURSES/EE454/project/EE454_final_project-main/phase2pt2/task2/FPGA1/simulation/modelsim/" for EDA simulation tool
Info (204019): Generated file FPGA1.svo in folder "C:/Users/cesar/OneDrive/Documents/USC/CE_MASTERS/COURSES/EE454/project/EE454_final_project-main/phase2pt2/task2/FPGA1/simulation/modelsim/" for EDA simulation tool
Info (204019): Generated file FPGA1_7_1200mv_85c_v_slow.sdo in folder "C:/Users/cesar/OneDrive/Documents/USC/CE_MASTERS/COURSES/EE454/project/EE454_final_project-main/phase2pt2/task2/FPGA1/simulation/modelsim/" for EDA simulation tool
Info (204019): Generated file FPGA1_7_1200mv_0c_v_slow.sdo in folder "C:/Users/cesar/OneDrive/Documents/USC/CE_MASTERS/COURSES/EE454/project/EE454_final_project-main/phase2pt2/task2/FPGA1/simulation/modelsim/" for EDA simulation tool
Info (204019): Generated file FPGA1_min_1200mv_0c_v_fast.sdo in folder "C:/Users/cesar/OneDrive/Documents/USC/CE_MASTERS/COURSES/EE454/project/EE454_final_project-main/phase2pt2/task2/FPGA1/simulation/modelsim/" for EDA simulation tool
Info (204019): Generated file FPGA1_v.sdo in folder "C:/Users/cesar/OneDrive/Documents/USC/CE_MASTERS/COURSES/EE454/project/EE454_final_project-main/phase2pt2/task2/FPGA1/simulation/modelsim/" for EDA simulation tool
Info: Quartus Prime EDA Netlist Writer was successful. 0 errors, 2 warnings
    Info: Peak virtual memory: 4648 megabytes
    Info: Processing ended: Thu Dec 11 10:56:44 2025
    Info: Elapsed time: 00:00:03
    Info: Total CPU time (on all processors): 00:00:03


